<?xml version="1.0" encoding="UTF-8"?>
<testsuite xmlns:xsi="http://www.w3.org/2001/XMLSchema-instance" xsi:noNamespaceSchemaLocation="https://maven.apache.org/surefire/maven-surefire-plugin/xsd/surefire-test-report-3.0.xsd" version="3.0" name="TestSuite" time="67.017" tests="2" errors="0" skipped="0" failures="1">
  <properties>
[...]
</properties>
  <testcase name="FirstLogin" classname="Pet.Tests.FirstPageTest" time="50.942">
    <system-out><![CDATA[This is displayed on the page:Online Only! Buy dry food, get 25% off reg price treats & toys, w/ code PLAY25 >
]]></system-out>
    <system-err><![CDATA[SSttaartritngi ngC ChhrromoemDerDirvievre 8r9 .80.94.3809..2433 8(96.12b30 8e(e621cb500082e4eb2acb5000042e448bda2bb10b0048e34c8dbdd2abc157b90-r8e3fsc/bdrbadncahc-h5e7ad9s-/4r3e8f9@s{/#2b9r4}a)nch -hoenad sp/o43rt8 91@3{1#8279
4O}n) loyn l opcoarlt  c18onn2ec1t9ion
s Oanrley  allolocwaeld .co
nPnleeacstiones are  saelel ohwtetdp.s:
P//lceharsomee dsreieve rh.tctphsr:o/m/cihurmo.moerdgr/isveerc.cuhrriomtiyum-.coorngs/isdecureityr-caotnsiiodenrsat ifonosr f osr usuggggeessttiioonns so no nk keeeepipningg C hCrhroommeeDDrriivveerr  sasfaef.e.

ChrCohmreoDmrievDreirv ewr awass  ssttaarrtetde ds uscuccescsefsuslfluyl.ly
.
[1619797976.106][WARNING]: This version of ChromeDriver has not been tested with Chrome version 90.
[1619797976.137][WARNING]: This version of ChromeDriver has not been tested with Chrome version 90.
Apr 30, 2021 11:52:56 AM org.openqa.selenium.remote.ProtocolHandshake createSession
INFO: Detected dialect: W3C
Apr 30, 2021 11:52:56 AM org.openqa.selenium.remote.ProtocolHandshake createSession
INFO: Detected dialect: W3C
]]></system-err>
  </testcase>
  <testcase name="petGrooming" classname="Pet.Tests.FirstPageTest" time="61.156">
    <failure message="no such element: Unable to locate element: {&quot;method&quot;:&quot;xpath&quot;,&quot;selector&quot;:&quot;//input[@value=&apos;2020-04-20&apos;]&quot;}&#10;  (Session info: chrome=90.0.4430.93)&#10;For documentation on this error, please visit: https://www.seleniumhq.org/exceptions/no_such_element.html&#10;Build info: version: &apos;3.141.59&apos;, revision: &apos;e82be7d358&apos;, time: &apos;2018-11-14T08:17:03&apos;&#10;System info: host: &apos;DESKTOP-1L9BKOR&apos;, ip: &apos;10.0.0.183&apos;, os.name: &apos;Windows 10&apos;, os.arch: &apos;amd64&apos;, os.version: &apos;10.0&apos;, java.version: &apos;1.8.0_271&apos;&#10;Driver info: org.openqa.selenium.chrome.ChromeDriver&#10;Capabilities {acceptInsecureCerts: false, browserName: chrome, browserVersion: 90.0.4430.93, chrome: {chromedriverVersion: 89.0.4389.23 (61b08ee2c5002..., userDataDir: C:\Users\maitr\AppData\Loca...}, goog:chromeOptions: {debuggerAddress: localhost:55961}, javascriptEnabled: true, networkConnectionEnabled: false, pageLoadStrategy: normal, platform: WINDOWS, platformName: WINDOWS, proxy: Proxy(), setWindowRect: true, strictFileInteractability: false, timeouts: {implicit: 0, pageLoad: 300000, script: 30000}, unhandledPromptBehavior: dismiss and notify, webauthn:extension:largeBlob: true, webauthn:virtualAuthenticators: true}&#10;Session ID: 4d8d5715e30c1ed899be93d676145758&#10;*** Element info: {Using=xpath, value=//input[@value=&apos;2020-04-20&apos;]}" type="org.openqa.selenium.NoSuchElementException"><![CDATA[org.openqa.selenium.NoSuchElementException: 
no such element: Unable to locate element: {"method":"xpath","selector":"//input[@value='2020-04-20']"}
  (Session info: chrome=90.0.4430.93)
For documentation on this error, please visit: https://www.seleniumhq.org/exceptions/no_such_element.html
Build info: version: '3.141.59', revision: 'e82be7d358', time: '2018-11-14T08:17:03'
System info: host: 'DESKTOP-1L9BKOR', ip: '10.0.0.183', os.name: 'Windows 10', os.arch: 'amd64', os.version: '10.0', java.version: '1.8.0_271'
Driver info: org.openqa.selenium.chrome.ChromeDriver
Capabilities {acceptInsecureCerts: false, browserName: chrome, browserVersion: 90.0.4430.93, chrome: {chromedriverVersion: 89.0.4389.23 (61b08ee2c5002..., userDataDir: C:\Users\maitr\AppData\Loca...}, goog:chromeOptions: {debuggerAddress: localhost:55961}, javascriptEnabled: true, networkConnectionEnabled: false, pageLoadStrategy: normal, platform: WINDOWS, platformName: WINDOWS, proxy: Proxy(), setWindowRect: true, strictFileInteractability: false, timeouts: {implicit: 0, pageLoad: 300000, script: 30000}, unhandledPromptBehavior: dismiss and notify, webauthn:extension:largeBlob: true, webauthn:virtualAuthenticators: true}
Session ID: 4d8d5715e30c1ed899be93d676145758
*** Element info: {Using=xpath, value=//input[@value='2020-04-20']}
	at Pet.Tests.FirstPageTest.petGrooming(FirstPageTest.java:77)
]]></failure>
  </testcase>
</testsuite>